\o Program:		@(#)$CDS: libManager version 6.1.8 - CAT37 09/24/2018 21:00 (ip-172-18-22-224) $
\o Sub version:		sub-version  p015 
\o Arguments:		-mpssession virtuoso21006 -mpshost DHCP-60-126.ST.HMC.Edu 
\o Working Directory:	DHCP-60-126.ST.HMC.Edu:/proj/VLSI19S/G1/hmmm/IC_CAD/cadence
\o 64-bit offsets
\o Qt version: 		5.9.1
\o Log file is "/proj/VLSI19S/G1/hmmm/IC_CAD/cadence/libManager.log".
\o Opening libManager window.
\a nrResizeWindow(cdsLibManager list(114 64 1430 1006))
\a nrSetCurrentWindow(cdsLibManager)
\o changeWorkingDir("/proj/VLSI19S/G1/hmmm/IC_CAD/cadence") unnecessary.
\o ddSetForcedLib("") unnecessary.
\o Loading customization file "./cdsLibMgr.il"
\o Loading NCSU Library Manager customizations...done.
\o MPS service: map window
\o Library Manager customization server connected.
\a cdsLibManager->libListBox->value = "HMMM"
\a cdsLibManager->libLineEdit->value = "HMMM"
\a cdsLibManager->libLineEdit->value = ""
\a cdsLibManager->libListBox->value = nil
\a cdsLibManager->libListBox->value = "HMMM"
\a cdsLibManager->libLineEdit->value = "HMMM"
\a cdsLibManager->libListBox->value = "HMMM_Unused"
\a cdsLibManager->libLineEdit->value = "HMMM_Unused"
\a cdsLibManager->libListBox->value = "HMMM"
\a cdsLibManager->libLineEdit->value = "HMMM"
\a cdsLibManager->cellListBox->value = "chip"
\a cdsLibManager->cellLineEdit->value = "chip"
\a cdsLibManager->viewListBox->value = "extracted"
\a cdsLibManager->viewLineEdit->value = "extracted"
\a cdsLibManager->viewListBox->value = nil
\a cdsLibManager->viewLineEdit->value = ""
\a cdsLibManager->viewListBox->value = "extracted"
\a cdsLibManager->viewLineEdit->value = "extracted"
\o MPS request: edit design
\a nrListItemAction(cdsLibManager->gdmXTView 0 0)
\a cdsLibManager->libListBox->value = nil
\a cdsLibManager->libLineEdit->value = ""
\a cdsLibManager->cellListBox->value = nil
\a cdsLibManager->viewLineEdit->value = ""
\a cdsLibManager->viewListBox->value = nil
\a cdsLibManager->cellLineEdit->value = ""
\a cdsLibManager->libListBox->value = "HMMM"
\a cdsLibManager->libLineEdit->value = "HMMM"
\a cdsLibManager->cellListBox->value = "chip"
\a cdsLibManager->cellLineEdit->value = "chip"
\a cdsLibManager->viewListBox->value = "extracted"
\a cdsLibManager->viewLineEdit->value = "extracted"
\a cdsLibManager->viewLineEdit->value = ""
\a cdsLibManager->viewListBox->value = nil
\a cdsLibManager->viewListBox->value = "extracted"
\a cdsLibManager->viewLineEdit->value = "extracted"
\a nrSetCurrentWindow(cdsLibManager)
\a nrSetCurrentWindow(cdsLibManager)
\a nrSetCurrentWindow(cdsLibManager)
\a nrSetCurrentWindow(cdsLibManager)
\a cdsLibManager->viewListBox->value = "schematic"
\a cdsLibManager->viewLineEdit->value = "schematic"
\a cdsLibManager->viewListBox->value = nil
\a cdsLibManager->viewLineEdit->value = ""
\a cdsLibManager->viewListBox->value = "schematic"
\a cdsLibManager->viewLineEdit->value = "schematic"
\o MPS request: edit design
\a nrListItemAction(cdsLibManager->gdmXTView 2 0)
