ncverilog: 15.20-s069: (c) Copyright 1995-2019 Cadence Design Systems, Inc.
TOOL:	ncverilog	15.20-s069: Started on Apr 07, 2019 at 17:53:49 EDT
ncverilog
	-l
	nc.log
	+access+r
	testprocessor.sv
	-f verilog.inpfiles
		/proj/ncsu/ncsu-cdk-1.6.0.beta/lib/NCSU_Analog_Parts/nmos4/functional/verilog.v
		/proj/ncsu/ncsu-cdk-1.6.0.beta/lib/NCSU_Analog_Parts/pmos4/functional/verilog.v
		hdlFilesDir/cds_alias.v
		ihnl/cds0/netlist
		ihnl/cds1/netlist
		ihnl/cds2/netlist
		ihnl/cds3/netlist
		ihnl/cds4/netlist
		ihnl/cds5/netlist
		ihnl/cds6/netlist
		ihnl/cds7/netlist
		ihnl/cds8/netlist
		ihnl/cds9/netlist
		ihnl/cds10/netlist
		ihnl/cds11/netlist
		ihnl/cds12/netlist
		ihnl/cds13/netlist
		ihnl/cds14/netlist
		ihnl/cds15/netlist
		ihnl/cds16/netlist
		ihnl/cds17/netlist
		ihnl/cds18/netlist
		ihnl/cds19/netlist
		ihnl/cds20/netlist
		ihnl/cds21/netlist
		ihnl/cds22/netlist
		ihnl/cds23/netlist
		ihnl/cds24/netlist
		ihnl/cds25/netlist
		ihnl/cds26/netlist
		ihnl/cds27/netlist
		ihnl/cds28/netlist
		ihnl/cds29/netlist
		ihnl/cds30/netlist
		ihnl/cds31/netlist
		ihnl/cds32/netlist
		ihnl/cds33/netlist
		ihnl/cds34/netlist
		ihnl/cds35/netlist
		ihnl/cds36/netlist
		ihnl/cds37/netlist
		ihnl/cds38/netlist
		ihnl/cds39/netlist
		ihnl/cds40/netlist
		ihnl/cds41/netlist
		ihnl/cds42/netlist
		ihnl/cds43/netlist
		ihnl/cds44/netlist
		hdlFilesDir/cds_globals.v
SOFTINCLUDE $SYSTEM_CDS_LIB_DIR/cds.lib
|
ncverilog: *W,DLCVAR (/proj/ncsu/ncsu-cdk-1.6.0.beta/cdssetup/cds.lib,1): cds.lib Invalid environment variable ''.
SOFTINCLUDE $SYSTEM_CDS_LIB_DIR/cds.lib
|
ncverilog: *W,DLCVAR (/proj/ncsu/ncsu-cdk-1.6.0.beta/cdssetup/cds.lib,1): cds.lib Invalid environment variable ''.
SOFTINCLUDE $SYSTEM_CDS_LIB_DIR/cds.lib
|
ncverilog: *W,DLCVAR (/proj/ncsu/ncsu-cdk-1.6.0.beta/cdssetup/cds.lib,1): cds.lib Invalid environment variable ''.
SOFTINCLUDE $SYSTEM_CDS_LIB_DIR/cds.lib
|
ncverilog: *W,DLCVAR (/proj/ncsu/ncsu-cdk-1.6.0.beta/cdssetup/cds.lib,1): cds.lib Invalid environment variable ''.
SOFTINCLUDE $SYSTEM_CDS_LIB_DIR/cds.lib
|
ncvlog: *W,DLCVAR (/proj/ncsu/ncsu-cdk-1.6.0.beta/cdssetup/cds.lib,1): cds.lib Invalid environment variable ''.
file: testprocessor.sv
	module worklib.testbench:sv
		errors: 0, warnings: 0
	module worklib.sram:sv
		errors: 0, warnings: 0
file: ihnl/cds0/netlist
`switch default
      |
ncvlog: *W,DIRNOW (ihnl/cds0/netlist,26|6): `switch: compiler directive ignored.
`switch default
      |
ncvlog: *W,DIRNOW (ihnl/cds0/netlist,29|6): `switch: compiler directive ignored.
`switch default
      |
ncvlog: *W,DIRNOW (ihnl/cds0/netlist,32|6): `switch: compiler directive ignored.
`switch default
      |
ncvlog: *W,DIRNOW (ihnl/cds0/netlist,35|6): `switch: compiler directive ignored.
`switch default
      |
ncvlog: *W,DIRNOW (ihnl/cds0/netlist,38|6): `switch: compiler directive ignored.
`switch default
      |
ncvlog: *W,DIRNOW (ihnl/cds0/netlist,41|6): `switch: compiler directive ignored.
`switch default
      |
ncvlog: *W,DIRNOW (ihnl/cds0/netlist,44|6): `switch: compiler directive ignored.
`switch default
      |
ncvlog: *W,DIRNOW (ihnl/cds0/netlist,47|6): `switch: compiler directive ignored.
`switch default
      |
ncvlog: *W,DIRNOW (ihnl/cds0/netlist,50|6): `switch: compiler directive ignored.
`switch default
      |
ncvlog: *W,DIRNOW (ihnl/cds0/netlist,53|6): `switch: compiler directive ignored.
`switch default
      |
ncvlog: *W,DIRNOW (ihnl/cds0/netlist,56|6): `switch: compiler directive ignored.
`switch default
      |
ncvlog: *W,DIRNOW (ihnl/cds0/netlist,59|6): `switch: compiler directive ignored.
`switch default
      |
ncvlog: *W,DIRNOW (ihnl/cds0/netlist,62|6): `switch: compiler directive ignored.
`switch default
      |
ncvlog: *W,DIRNOW (ihnl/cds0/netlist,65|6): `switch: compiler directive ignored.
`switch default
      |
ncvlog: *W,DIRNOW (ihnl/cds0/netlist,68|6): `switch: compiler directive ignored.
`switch default
      |
ncvlog: *W,DIRNOW (ihnl/cds0/netlist,71|6): `switch: compiler directive ignored.
file: ihnl/cds1/netlist
`switch default
      |
ncvlog: *W,DIRNOW (ihnl/cds1/netlist,20|6): `switch: compiler directive ignored.
`switch default
      |
ncvlog: *W,DIRNOW (ihnl/cds1/netlist,23|6): `switch: compiler directive ignored.
`switch default
      |
ncvlog: *W,DIRNOW (ihnl/cds1/netlist,26|6): `switch: compiler directive ignored.
`switch default
      |
ncvlog: *W,DIRNOW (ihnl/cds1/netlist,29|6): `switch: compiler directive ignored.
`switch default
      |
ncvlog: *W,DIRNOW (ihnl/cds1/netlist,32|6): `switch: compiler directive ignored.
`switch default
      |
ncvlog: *W,DIRNOW (ihnl/cds1/netlist,35|6): `switch: compiler directive ignored.
file: ihnl/cds4/netlist
`switch default
      |
ncvlog: *W,DIRNOW (ihnl/cds4/netlist,20|6): `switch: compiler directive ignored.
`switch default
      |
ncvlog: *W,DIRNOW (ihnl/cds4/netlist,23|6): `switch: compiler directive ignored.
`switch default
      |
ncvlog: *W,DIRNOW (ihnl/cds4/netlist,26|6): `switch: compiler directive ignored.
`switch default
      |
ncvlog: *W,DIRNOW (ihnl/cds4/netlist,29|6): `switch: compiler directive ignored.
`switch default
      |
ncvlog: *W,DIRNOW (ihnl/cds4/netlist,32|6): `switch: compiler directive ignored.
`switch default
      |
ncvlog: *W,DIRNOW (ihnl/cds4/netlist,35|6): `switch: compiler directive ignored.
`switch default
      |
ncvlog: *W,DIRNOW (ihnl/cds4/netlist,38|6): `switch: compiler directive ignored.
`switch default
      |
ncvlog: *W,DIRNOW (ihnl/cds4/netlist,41|6): `switch: compiler directive ignored.
`switch default
      |
ncvlog: *W,DIRNOW (ihnl/cds4/netlist,44|6): `switch: compiler directive ignored.
`switch default
      |
ncvlog: *W,DIRNOW (ihnl/cds4/netlist,47|6): `switch: compiler directive ignored.
file: ihnl/cds5/netlist
`switch default
      |
ncvlog: *W,DIRNOW (ihnl/cds5/netlist,20|6): `switch: compiler directive ignored.
`switch default
      |
ncvlog: *W,DIRNOW (ihnl/cds5/netlist,23|6): `switch: compiler directive ignored.
file: ihnl/cds8/netlist
`switch default
      |
ncvlog: *W,DIRNOW (ihnl/cds8/netlist,26|6): `switch: compiler directive ignored.
`switch default
      |
ncvlog: *W,DIRNOW (ihnl/cds8/netlist,29|6): `switch: compiler directive ignored.
`switch default
      |
ncvlog: *W,DIRNOW (ihnl/cds8/netlist,32|6): `switch: compiler directive ignored.
`switch default
      |
ncvlog: *W,DIRNOW (ihnl/cds8/netlist,35|6): `switch: compiler directive ignored.
`switch default
      |
ncvlog: *W,DIRNOW (ihnl/cds8/netlist,38|6): `switch: compiler directive ignored.
`switch default
      |
ncvlog: *W,DIRNOW (ihnl/cds8/netlist,41|6): `switch: compiler directive ignored.
`switch default
      |
ncvlog: *W,DIRNOW (ihnl/cds8/netlist,44|6): `switch: compiler directive ignored.
`switch default
      |
ncvlog: *W,DIRNOW (ihnl/cds8/netlist,47|6): `switch: compiler directive ignored.
`switch default
      |
ncvlog: *W,DIRNOW (ihnl/cds8/netlist,50|6): `switch: compiler directive ignored.
`switch default
      |
ncvlog: *W,DIRNOW (ihnl/cds8/netlist,53|6): `switch: compiler directive ignored.
`switch default
      |
ncvlog: *W,DIRNOW (ihnl/cds8/netlist,56|6): `switch: compiler directive ignored.
`switch default
      |
ncvlog: *W,DIRNOW (ihnl/cds8/netlist,59|6): `switch: compiler directive ignored.
`switch default
      |
ncvlog: *W,DIRNOW (ihnl/cds8/netlist,62|6): `switch: compiler directive ignored.
`switch default
      |
ncvlog: *W,DIRNOW (ihnl/cds8/netlist,65|6): `switch: compiler directive ignored.
`switch default
      |
ncvlog: *W,DIRNOW (ihnl/cds8/netlist,68|6): `switch: compiler directive ignored.
`switch default
      |
ncvlog: *W,DIRNOW (ihnl/cds8/netlist,71|6): `switch: compiler directive ignored.
`switch default
      |
ncvlog: *W,DIRNOW (ihnl/cds8/netlist,74|6): `switch: compiler directive ignored.
`switch default
      |
ncvlog: *W,DIRNOW (ihnl/cds8/netlist,77|6): `switch: compiler directive ignored.
`switch default
      |
ncvlog: *W,DIRNOW (ihnl/cds8/netlist,80|6): `switch: compiler directive ignored.
`switch default
      |
ncvlog: *W,DIRNOW (ihnl/cds8/netlist,83|6): `switch: compiler directive ignored.
`switch default
      |
ncvlog: *W,DIRNOW (ihnl/cds8/netlist,86|6): `switch: compiler directive ignored.
`switch default
      |
ncvlog: *W,DIRNOW (ihnl/cds8/netlist,89|6): `switch: compiler directive ignored.
`switch default
      |
ncvlog: *W,DIRNOW (ihnl/cds8/netlist,92|6): `switch: compiler directive ignored.
`switch default
      |
ncvlog: *W,DIRNOW (ihnl/cds8/netlist,95|6): `switch: compiler directive ignored.
file: ihnl/cds10/netlist
`switch default
      |
ncvlog: *W,DIRNOW (ihnl/cds10/netlist,20|6): `switch: compiler directive ignored.
`switch default
      |
ncvlog: *W,DIRNOW (ihnl/cds10/netlist,23|6): `switch: compiler directive ignored.
`switch default
      |
ncvlog: *W,DIRNOW (ihnl/cds10/netlist,26|6): `switch: compiler directive ignored.
`switch default
      |
ncvlog: *W,DIRNOW (ihnl/cds10/netlist,29|6): `switch: compiler directive ignored.
`switch default
      |
ncvlog: *W,DIRNOW (ihnl/cds10/netlist,32|6): `switch: compiler directive ignored.
`switch default
      |
ncvlog: *W,DIRNOW (ihnl/cds10/netlist,35|6): `switch: compiler directive ignored.
`switch default
      |
ncvlog: *W,DIRNOW (ihnl/cds10/netlist,38|6): `switch: compiler directive ignored.
`switch default
      |
ncvlog: *W,DIRNOW (ihnl/cds10/netlist,41|6): `switch: compiler directive ignored.
`switch default
      |
ncvlog: *W,DIRNOW (ihnl/cds10/netlist,44|6): `switch: compiler directive ignored.
`switch default
      |
ncvlog: *W,DIRNOW (ihnl/cds10/netlist,47|6): `switch: compiler directive ignored.
`switch default
      |
ncvlog: *W,DIRNOW (ihnl/cds10/netlist,50|6): `switch: compiler directive ignored.
`switch default
      |
ncvlog: *W,DIRNOW (ihnl/cds10/netlist,53|6): `switch: compiler directive ignored.
`switch default
      |
ncvlog: *W,DIRNOW (ihnl/cds10/netlist,56|6): `switch: compiler directive ignored.
`switch default
      |
ncvlog: *W,DIRNOW (ihnl/cds10/netlist,59|6): `switch: compiler directive ignored.
`switch default
      |
ncvlog: *W,DIRNOW (ihnl/cds10/netlist,62|6): `switch: compiler directive ignored.
`switch default
      |
ncvlog: *W,DIRNOW (ihnl/cds10/netlist,65|6): `switch: compiler directive ignored.
file: ihnl/cds12/netlist
`switch default
      |
ncvlog: *W,DIRNOW (ihnl/cds12/netlist,20|6): `switch: compiler directive ignored.
`switch default
      |
ncvlog: *W,DIRNOW (ihnl/cds12/netlist,23|6): `switch: compiler directive ignored.
`switch default
      |
ncvlog: *W,DIRNOW (ihnl/cds12/netlist,26|6): `switch: compiler directive ignored.
`switch default
      |
ncvlog: *W,DIRNOW (ihnl/cds12/netlist,29|6): `switch: compiler directive ignored.
`switch default
      |
ncvlog: *W,DIRNOW (ihnl/cds12/netlist,32|6): `switch: compiler directive ignored.
`switch default
      |
ncvlog: *W,DIRNOW (ihnl/cds12/netlist,35|6): `switch: compiler directive ignored.
file: ihnl/cds13/netlist
`switch default
      |
ncvlog: *W,DIRNOW (ihnl/cds13/netlist,20|6): `switch: compiler directive ignored.
`switch default
      |
ncvlog: *W,DIRNOW (ihnl/cds13/netlist,23|6): `switch: compiler directive ignored.
`switch default
      |
ncvlog: *W,DIRNOW (ihnl/cds13/netlist,26|6): `switch: compiler directive ignored.
`switch default
      |
ncvlog: *W,DIRNOW (ihnl/cds13/netlist,29|6): `switch: compiler directive ignored.
file: ihnl/cds15/netlist
`switch default
      |
ncvlog: *W,DIRNOW (ihnl/cds15/netlist,20|6): `switch: compiler directive ignored.
`switch default
      |
ncvlog: *W,DIRNOW (ihnl/cds15/netlist,23|6): `switch: compiler directive ignored.
`switch default
      |
ncvlog: *W,DIRNOW (ihnl/cds15/netlist,26|6): `switch: compiler directive ignored.
`switch default
      |
ncvlog: *W,DIRNOW (ihnl/cds15/netlist,29|6): `switch: compiler directive ignored.
`switch default
      |
ncvlog: *W,DIRNOW (ihnl/cds15/netlist,32|6): `switch: compiler directive ignored.
`switch default
      |
ncvlog: *W,DIRNOW (ihnl/cds15/netlist,35|6): `switch: compiler directive ignored.
file: ihnl/cds17/netlist
`switch default
      |
ncvlog: *W,DIRNOW (ihnl/cds17/netlist,20|6): `switch: compiler directive ignored.
`switch default
      |
ncvlog: *W,DIRNOW (ihnl/cds17/netlist,23|6): `switch: compiler directive ignored.
`switch default
      |
ncvlog: *W,DIRNOW (ihnl/cds17/netlist,26|6): `switch: compiler directive ignored.
`switch default
      |
ncvlog: *W,DIRNOW (ihnl/cds17/netlist,29|6): `switch: compiler directive ignored.
`switch default
      |
ncvlog: *W,DIRNOW (ihnl/cds17/netlist,32|6): `switch: compiler directive ignored.
`switch default
      |
ncvlog: *W,DIRNOW (ihnl/cds17/netlist,35|6): `switch: compiler directive ignored.
`switch default
      |
ncvlog: *W,DIRNOW (ihnl/cds17/netlist,38|6): `switch: compiler directive ignored.
`switch default
      |
ncvlog: *W,DIRNOW (ihnl/cds17/netlist,41|6): `switch: compiler directive ignored.
`switch default
      |
ncvlog: *W,DIRNOW (ihnl/cds17/netlist,44|6): `switch: compiler directive ignored.
`switch default
      |
ncvlog: *W,DIRNOW (ihnl/cds17/netlist,47|6): `switch: compiler directive ignored.
`switch default
      |
ncvlog: *W,DIRNOW (ihnl/cds17/netlist,50|6): `switch: compiler directive ignored.
`switch default
      |
ncvlog: *W,DIRNOW (ihnl/cds17/netlist,53|6): `switch: compiler directive ignored.
`switch default
      |
ncvlog: *W,DIRNOW (ihnl/cds17/netlist,56|6): `switch: compiler directive ignored.
`switch default
      |
ncvlog: *W,DIRNOW (ihnl/cds17/netlist,59|6): `switch: compiler directive ignored.
`switch default
      |
ncvlog: *W,DIRNOW (ihnl/cds17/netlist,62|6): `switch: compiler directive ignored.
`switch default
      |
ncvlog: *W,DIRNOW (ihnl/cds17/netlist,65|6): `switch: compiler directive ignored.
`switch default
      |
ncvlog: *W,DIRNOW (ihnl/cds17/netlist,68|6): `switch: compiler directive ignored.
`switch default
      |
ncvlog: *W,DIRNOW (ihnl/cds17/netlist,71|6): `switch: compiler directive ignored.
`switch default
      |
ncvlog: *W,DIRNOW (ihnl/cds17/netlist,74|6): `switch: compiler directive ignored.
`switch default
      |
ncvlog: *W,DIRNOW (ihnl/cds17/netlist,77|6): `switch: compiler directive ignored.
`switch default
      |
ncvlog: *W,DIRNOW (ihnl/cds17/netlist,80|6): `switch: compiler directive ignored.
`switch default
      |
ncvlog: *W,DIRNOW (ihnl/cds17/netlist,83|6): `switch: compiler directive ignored.
`switch default
      |
ncvlog: *W,DIRNOW (ihnl/cds17/netlist,86|6): `switch: compiler directive ignored.
`switch default
      |
ncvlog: *W,DIRNOW (ihnl/cds17/netlist,89|6): `switch: compiler directive ignored.
`switch default
      |
ncvlog: *W,DIRNOW (ihnl/cds17/netlist,92|6): `switch: compiler directive ignored.
`switch default
      |
ncvlog: *W,DIRNOW (ihnl/cds17/netlist,95|6): `switch: compiler directive ignored.
`switch default
      |
ncvlog: *W,DIRNOW (ihnl/cds17/netlist,98|6): `switch: compiler directive ignored.
`switch default
      |
ncvlog: *W,DIRNOW (ihnl/cds17/netlist,101|6): `switch: compiler directive ignored.
file: ihnl/cds20/netlist
`switch default
      |
ncvlog: *W,DIRNOW (ihnl/cds20/netlist,24|6): `switch: compiler directive ignored.
`switch default
      |
ncvlog: *W,DIRNOW (ihnl/cds20/netlist,27|6): `switch: compiler directive ignored.
`switch default
      |
ncvlog: *W,DIRNOW (ihnl/cds20/netlist,30|6): `switch: compiler directive ignored.
`switch default
      |
ncvlog: *W,DIRNOW (ihnl/cds20/netlist,33|6): `switch: compiler directive ignored.
`switch default
      |
ncvlog: *W,DIRNOW (ihnl/cds20/netlist,36|6): `switch: compiler directive ignored.
`switch default
      |
ncvlog: *W,DIRNOW (ihnl/cds20/netlist,39|6): `switch: compiler directive ignored.
`switch default
      |
ncvlog: *W,DIRNOW (ihnl/cds20/netlist,42|6): `switch: compiler directive ignored.
`switch default
      |
ncvlog: *W,DIRNOW (ihnl/cds20/netlist,45|6): `switch: compiler directive ignored.
`switch default
      |
ncvlog: *W,DIRNOW (ihnl/cds20/netlist,48|6): `switch: compiler directive ignored.
`switch default
      |
ncvlog: *W,DIRNOW (ihnl/cds20/netlist,51|6): `switch: compiler directive ignored.
`switch default
      |
ncvlog: *W,DIRNOW (ihnl/cds20/netlist,54|6): `switch: compiler directive ignored.
`switch default
      |
ncvlog: *W,DIRNOW (ihnl/cds20/netlist,57|6): `switch: compiler directive ignored.
`switch default
      |
ncvlog: *W,DIRNOW (ihnl/cds20/netlist,60|6): `switch: compiler directive ignored.
`switch default
      |
ncvlog: *W,DIRNOW (ihnl/cds20/netlist,63|6): `switch: compiler directive ignored.
file: ihnl/cds22/netlist
`switch default
      |
ncvlog: *W,DIRNOW (ihnl/cds22/netlist,20|6): `switch: compiler directive ignored.
`switch default
      |
ncvlog: *W,DIRNOW (ihnl/cds22/netlist,23|6): `switch: compiler directive ignored.
`switch default
      |
ncvlog: *W,DIRNOW (ihnl/cds22/netlist,26|6): `switch: compiler directive ignored.
`switch default
      |
ncvlog: *W,DIRNOW (ihnl/cds22/netlist,29|6): `switch: compiler directive ignored.
`switch default
      |
ncvlog: *W,DIRNOW (ihnl/cds22/netlist,32|6): `switch: compiler directive ignored.
`switch default
      |
ncvlog: *W,DIRNOW (ihnl/cds22/netlist,35|6): `switch: compiler directive ignored.
file: ihnl/cds23/netlist
`switch default
      |
ncvlog: *W,DIRNOW (ihnl/cds23/netlist,20|6): `switch: compiler directive ignored.
`switch default
      |
ncvlog: *W,DIRNOW (ihnl/cds23/netlist,23|6): `switch: compiler directive ignored.
`switch default
      |
ncvlog: *W,DIRNOW (ihnl/cds23/netlist,26|6): `switch: compiler directive ignored.
`switch default
      |
ncvlog: *W,DIRNOW (ihnl/cds23/netlist,29|6): `switch: compiler directive ignored.
`switch default
      |
ncvlog: *W,DIRNOW (ihnl/cds23/netlist,32|6): `switch: compiler directive ignored.
`switch default
      |
ncvlog: *W,DIRNOW (ihnl/cds23/netlist,35|6): `switch: compiler directive ignored.
`switch default
      |
ncvlog: *W,DIRNOW (ihnl/cds23/netlist,38|6): `switch: compiler directive ignored.
`switch default
      |
ncvlog: *W,DIRNOW (ihnl/cds23/netlist,41|6): `switch: compiler directive ignored.
`switch default
      |
ncvlog: *W,DIRNOW (ihnl/cds23/netlist,44|6): `switch: compiler directive ignored.
`switch default
      |
ncvlog: *W,DIRNOW (ihnl/cds23/netlist,47|6): `switch: compiler directive ignored.
file: ihnl/cds27/netlist
`switch default
      |
ncvlog: *W,DIRNOW (ihnl/cds27/netlist,20|6): `switch: compiler directive ignored.
`switch default
      |
ncvlog: *W,DIRNOW (ihnl/cds27/netlist,23|6): `switch: compiler directive ignored.
file: ihnl/cds28/netlist
`switch default
      |
ncvlog: *W,DIRNOW (ihnl/cds28/netlist,20|6): `switch: compiler directive ignored.
`switch default
      |
ncvlog: *W,DIRNOW (ihnl/cds28/netlist,23|6): `switch: compiler directive ignored.
`switch default
      |
ncvlog: *W,DIRNOW (ihnl/cds28/netlist,26|6): `switch: compiler directive ignored.
`switch default
      |
ncvlog: *W,DIRNOW (ihnl/cds28/netlist,29|6): `switch: compiler directive ignored.
file: ihnl/cds31/netlist
`switch default
      |
ncvlog: *W,DIRNOW (ihnl/cds31/netlist,20|6): `switch: compiler directive ignored.
`switch default
      |
ncvlog: *W,DIRNOW (ihnl/cds31/netlist,23|6): `switch: compiler directive ignored.
`switch default
      |
ncvlog: *W,DIRNOW (ihnl/cds31/netlist,26|6): `switch: compiler directive ignored.
`switch default
      |
ncvlog: *W,DIRNOW (ihnl/cds31/netlist,29|6): `switch: compiler directive ignored.
`switch default
      |
ncvlog: *W,DIRNOW (ihnl/cds31/netlist,32|6): `switch: compiler directive ignored.
`switch default
      |
ncvlog: *W,DIRNOW (ihnl/cds31/netlist,35|6): `switch: compiler directive ignored.
`switch default
      |
ncvlog: *W,DIRNOW (ihnl/cds31/netlist,38|6): `switch: compiler directive ignored.
`switch default
      |
ncvlog: *W,DIRNOW (ihnl/cds31/netlist,41|6): `switch: compiler directive ignored.
`switch default
      |
ncvlog: *W,DIRNOW (ihnl/cds31/netlist,44|6): `switch: compiler directive ignored.
`switch default
      |
ncvlog: *W,DIRNOW (ihnl/cds31/netlist,47|6): `switch: compiler directive ignored.
`switch default
      |
ncvlog: *W,DIRNOW (ihnl/cds31/netlist,50|6): `switch: compiler directive ignored.
`switch default
      |
ncvlog: *W,DIRNOW (ihnl/cds31/netlist,53|6): `switch: compiler directive ignored.
file: ihnl/cds32/netlist
`switch default
      |
ncvlog: *W,DIRNOW (ihnl/cds32/netlist,20|6): `switch: compiler directive ignored.
`switch default
      |
ncvlog: *W,DIRNOW (ihnl/cds32/netlist,23|6): `switch: compiler directive ignored.
`switch default
      |
ncvlog: *W,DIRNOW (ihnl/cds32/netlist,26|6): `switch: compiler directive ignored.
`switch default
      |
ncvlog: *W,DIRNOW (ihnl/cds32/netlist,29|6): `switch: compiler directive ignored.
file: ihnl/cds34/netlist
`switch default
      |
ncvlog: *W,DIRNOW (ihnl/cds34/netlist,23|6): `switch: compiler directive ignored.
`switch default
      |
ncvlog: *W,DIRNOW (ihnl/cds34/netlist,26|6): `switch: compiler directive ignored.
`switch default
      |
ncvlog: *W,DIRNOW (ihnl/cds34/netlist,29|6): `switch: compiler directive ignored.
`switch default
      |
ncvlog: *W,DIRNOW (ihnl/cds34/netlist,32|6): `switch: compiler directive ignored.
`switch default
      |
ncvlog: *W,DIRNOW (ihnl/cds34/netlist,35|6): `switch: compiler directive ignored.
`switch default
      |
ncvlog: *W,DIRNOW (ihnl/cds34/netlist,38|6): `switch: compiler directive ignored.
`switch default
      |
ncvlog: *W,DIRNOW (ihnl/cds34/netlist,41|6): `switch: compiler directive ignored.
`switch default
      |
ncvlog: *W,DIRNOW (ihnl/cds34/netlist,44|6): `switch: compiler directive ignored.
`switch default
      |
ncvlog: *W,DIRNOW (ihnl/cds34/netlist,47|6): `switch: compiler directive ignored.
`switch default
      |
ncvlog: *W,DIRNOW (ihnl/cds34/netlist,50|6): `switch: compiler directive ignored.
`switch default
      |
ncvlog: *W,DIRNOW (ihnl/cds34/netlist,53|6): `switch: compiler directive ignored.
`switch default
      |
ncvlog: *W,DIRNOW (ihnl/cds34/netlist,56|6): `switch: compiler directive ignored.
`switch default
      |
ncvlog: *W,DIRNOW (ihnl/cds34/netlist,59|6): `switch: compiler directive ignored.
`switch default
      |
ncvlog: *W,DIRNOW (ihnl/cds34/netlist,62|6): `switch: compiler directive ignored.
file: ihnl/cds35/netlist
`switch default
      |
ncvlog: *W,DIRNOW (ihnl/cds35/netlist,20|6): `switch: compiler directive ignored.
`switch default
      |
ncvlog: *W,DIRNOW (ihnl/cds35/netlist,23|6): `switch: compiler directive ignored.
`switch default
      |
ncvlog: *W,DIRNOW (ihnl/cds35/netlist,26|6): `switch: compiler directive ignored.
`switch default
      |
ncvlog: *W,DIRNOW (ihnl/cds35/netlist,29|6): `switch: compiler directive ignored.
`switch default
      |
ncvlog: *W,DIRNOW (ihnl/cds35/netlist,32|6): `switch: compiler directive ignored.
`switch default
      |
ncvlog: *W,DIRNOW (ihnl/cds35/netlist,35|6): `switch: compiler directive ignored.
file: ihnl/cds36/netlist
`switch default
      |
ncvlog: *W,DIRNOW (ihnl/cds36/netlist,20|6): `switch: compiler directive ignored.
`switch default
      |
ncvlog: *W,DIRNOW (ihnl/cds36/netlist,23|6): `switch: compiler directive ignored.
`switch default
      |
ncvlog: *W,DIRNOW (ihnl/cds36/netlist,26|6): `switch: compiler directive ignored.
`switch default
      |
ncvlog: *W,DIRNOW (ihnl/cds36/netlist,29|6): `switch: compiler directive ignored.
`switch default
      |
ncvlog: *W,DIRNOW (ihnl/cds36/netlist,32|6): `switch: compiler directive ignored.
`switch default
      |
ncvlog: *W,DIRNOW (ihnl/cds36/netlist,35|6): `switch: compiler directive ignored.
`switch default
      |
ncvlog: *W,DIRNOW (ihnl/cds36/netlist,38|6): `switch: compiler directive ignored.
`switch default
      |
ncvlog: *W,DIRNOW (ihnl/cds36/netlist,41|6): `switch: compiler directive ignored.
	Total errors/warnings found outside modules and primitives:
		errors: 0, warnings: 1
SOFTINCLUDE $SYSTEM_CDS_LIB_DIR/cds.lib
|
ncverilog: *W,DLCVAR (/proj/ncsu/ncsu-cdk-1.6.0.beta/cdssetup/cds.lib,1): cds.lib Invalid environment variable ''.
SOFTINCLUDE $SYSTEM_CDS_LIB_DIR/cds.lib
|
ncverilog: *W,DLCVAR (/proj/ncsu/ncsu-cdk-1.6.0.beta/cdssetup/cds.lib,1): cds.lib Invalid environment variable ''.
SOFTINCLUDE $SYSTEM_CDS_LIB_DIR/cds.lib
|
ncelab: *W,DLCVAR (/proj/ncsu/ncsu-cdk-1.6.0.beta/cdssetup/cds.lib,1): cds.lib Invalid environment variable ''.
		Caching library 'worklib' ....... Done
	Elaborating the design hierarchy:
ncelab: *W,DSEMEL: This SystemVerilog design will be simulated as per IEEE 1800-2009 SystemVerilog simulation semantics. Use -disable_sem2009 option for turning off SV 2009 simulation semantics.
	Building instance overlay tables: ...................
		$readmemb("memfile.dat", mem);
		                           |
ncelab: *W,MEMODR (./testprocessor.sv,103|29): $readmem default memory order incompatible with IEEE1364.
. Done
	Generating native compiled code:
SOFTINCLUDE $SYSTEM_CDS_LIB_DIR/cds.lib
|
ncvlog_cg: *W,DLCVAR (/proj/ncsu/ncsu-cdk-1.6.0.beta/cdssetup/cds.lib,1): cds.lib Invalid environment variable ''.
		worklib.sram:sv <0x29eef101>
			streams:   3, words:  1425
		worklib.testbench:sv <0x08e5b7c6>
			streams:  15, words:  5096
	Building instance specific data structures.
    tranif0 (D, S, G);
            |
ncelab: *W,TRNNOP (/proj/ncsu/ncsu-cdk-1.6.0.beta/lib/NCSU_Analog_Parts/pmos4/functional/verilog.v,9|12): bidirectional primitive NOP (testbench.dut.I16.I79.P0).
    tranif0 (D, S, G);
            |
ncelab: *W,TRNNOP (/proj/ncsu/ncsu-cdk-1.6.0.beta/lib/NCSU_Analog_Parts/pmos4/functional/verilog.v,9|12): bidirectional primitive NOP (testbench.dut.I16.I79.P1).
    tranif0 (D, S, G);
            |
ncelab: *W,TRNNOP (/proj/ncsu/ncsu-cdk-1.6.0.beta/lib/NCSU_Analog_Parts/pmos4/functional/verilog.v,9|12): bidirectional primitive NOP (testbench.dut.I16.I30.P0).
    tranif0 (D, S, G);
            |
ncelab: *W,TRNNOP (/proj/ncsu/ncsu-cdk-1.6.0.beta/lib/NCSU_Analog_Parts/pmos4/functional/verilog.v,9|12): bidirectional primitive NOP (testbench.dut.I16.I30.P1).
    tranif0 (D, S, G);
            |
ncelab: *W,TRNNOP (/proj/ncsu/ncsu-cdk-1.6.0.beta/lib/NCSU_Analog_Parts/pmos4/functional/verilog.v,9|12): bidirectional primitive NOP (testbench.dut.I16.I32.P0).
    tranif0 (D, S, G);
            |
ncelab: *W,TRNNOP (/proj/ncsu/ncsu-cdk-1.6.0.beta/lib/NCSU_Analog_Parts/pmos4/functional/verilog.v,9|12): bidirectional primitive NOP (testbench.dut.I16.I32.P1).
    tranif0 (D, S, G);
            |
ncelab: *W,TRNNOP (/proj/ncsu/ncsu-cdk-1.6.0.beta/lib/NCSU_Analog_Parts/pmos4/functional/verilog.v,9|12): bidirectional primitive NOP (testbench.dut.I16.I34.P0).
    tranif0 (D, S, G);
            |
ncelab: *W,TRNNOP (/proj/ncsu/ncsu-cdk-1.6.0.beta/lib/NCSU_Analog_Parts/pmos4/functional/verilog.v,9|12): bidirectional primitive NOP (testbench.dut.I16.I34.P1).
    tranif0 (D, S, G);
            |
ncelab: *W,TRNNOP (/proj/ncsu/ncsu-cdk-1.6.0.beta/lib/NCSU_Analog_Parts/pmos4/functional/verilog.v,9|12): bidirectional primitive NOP (testbench.dut.I16.I37.P0).
    tranif0 (D, S, G);
            |
ncelab: *W,TRNNOP (/proj/ncsu/ncsu-cdk-1.6.0.beta/lib/NCSU_Analog_Parts/pmos4/functional/verilog.v,9|12): bidirectional primitive NOP (testbench.dut.I16.I37.P1).
    tranif0 (D, S, G);
            |
ncelab: *W,TRNNOP (/proj/ncsu/ncsu-cdk-1.6.0.beta/lib/NCSU_Analog_Parts/pmos4/functional/verilog.v,9|12): bidirectional primitive NOP (testbench.dut.I16.I39.P0).
    tranif0 (D, S, G);
            |
ncelab: *W,TRNNOP (/proj/ncsu/ncsu-cdk-1.6.0.beta/lib/NCSU_Analog_Parts/pmos4/functional/verilog.v,9|12): bidirectional primitive NOP (testbench.dut.I16.I39.P1).
    tranif1 (D, S, G);
            |
ncelab: *W,TRNNOP (/proj/ncsu/ncsu-cdk-1.6.0.beta/lib/NCSU_Analog_Parts/nmos4/functional/verilog.v,9|12): bidirectional primitive NOP (testbench.dut.I16.I31.N0).
    tranif1 (D, S, G);
            |
ncelab: *W,TRNNOP (/proj/ncsu/ncsu-cdk-1.6.0.beta/lib/NCSU_Analog_Parts/nmos4/functional/verilog.v,9|12): bidirectional primitive NOP (testbench.dut.I16.I31.N1).
    tranif1 (D, S, G);
            |
ncelab: *W,TRNNOP (/proj/ncsu/ncsu-cdk-1.6.0.beta/lib/NCSU_Analog_Parts/nmos4/functional/verilog.v,9|12): bidirectional primitive NOP (testbench.dut.I16.I33.N0).
    tranif1 (D, S, G);
            |
ncelab: *W,TRNNOP (/proj/ncsu/ncsu-cdk-1.6.0.beta/lib/NCSU_Analog_Parts/nmos4/functional/verilog.v,9|12): bidirectional primitive NOP (testbench.dut.I16.I33.N1).
    tranif1 (D, S, G);
            |
ncelab: *W,TRNNOP (/proj/ncsu/ncsu-cdk-1.6.0.beta/lib/NCSU_Analog_Parts/nmos4/functional/verilog.v,9|12): bidirectional primitive NOP (testbench.dut.I16.I35.N0).
    tranif1 (D, S, G);
            |
ncelab: *W,TRNNOP (/proj/ncsu/ncsu-cdk-1.6.0.beta/lib/NCSU_Analog_Parts/nmos4/functional/verilog.v,9|12): bidirectional primitive NOP (testbench.dut.I16.I35.N1).
    tranif1 (D, S, G);
            |
ncelab: *W,TRNNOP (/proj/ncsu/ncsu-cdk-1.6.0.beta/lib/NCSU_Analog_Parts/nmos4/functional/verilog.v,9|12): bidirectional primitive NOP (testbench.dut.I16.I40.N0).
    tranif1 (D, S, G);
            |
ncelab: *W,TRNNOP (/proj/ncsu/ncsu-cdk-1.6.0.beta/lib/NCSU_Analog_Parts/nmos4/functional/verilog.v,9|12): bidirectional primitive NOP (testbench.dut.I16.I40.N1).
    tranif1 (D, S, G);
            |
ncelab: *W,TRNNOP (/proj/ncsu/ncsu-cdk-1.6.0.beta/lib/NCSU_Analog_Parts/nmos4/functional/verilog.v,9|12): bidirectional primitive NOP (testbench.dut.I16.I38.N0).
    tranif1 (D, S, G);
            |
ncelab: *W,TRNNOP (/proj/ncsu/ncsu-cdk-1.6.0.beta/lib/NCSU_Analog_Parts/nmos4/functional/verilog.v,9|12): bidirectional primitive NOP (testbench.dut.I16.I38.N1).
	Loading native compiled code:     .................... Done
	Design hierarchy summary:
		                   Instances  Unique
		Modules:                1003      51
		Primitives:             4136       6
		Registers:                12      12
		Scalar wires:           1114       -
		Expanded wires:           24       2
		Vectored wires:            1       -
		Always blocks:             3       3
		Initial blocks:            2       2
		Cont. assignments:         3       5
		Pseudo assignments:        8       8
		Simulation timescale:  100ps
	Writing initial simulation snapshot: worklib.testbench:sv
SOFTINCLUDE $SYSTEM_CDS_LIB_DIR/cds.lib
|
ncsim: *W,DLCVAR (/proj/ncsu/ncsu-cdk-1.6.0.beta/cdssetup/cds.lib,1): cds.lib Invalid environment variable ''.
Loading snapshot worklib.testbench:sv .................... Done
ncsim: *W,DSEM2009: This SystemVerilog design is simulated as per IEEE 1800-2009 SystemVerilog simulation semantics. Use -disable_sem2009 option for turning off SV 2009 simulation semantics.
ncsim> source /cad/cds/INCISIV1520/tools/inca/files/ncsimrc
ncsim> run
Test Successful!
Simulation stopped via $stop(1) at time 368 NS + 1
./testprocessor.sv:67 			$stop;
ncsim> exit
TOOL:	ncverilog	15.20-s069: Exiting on Apr 07, 2019 at 17:53:52 EDT  (total: 00:00:03)
