ncverilog: 15.20-s069: (c) Copyright 1995-2019 Cadence Design Systems, Inc.
TOOL:	ncverilog	15.20-s069: Started on Mar 22, 2019 at 01:33:05 EDT
ncverilog
	-l
	nc.log
	+access+r
	+gui
	testprocessor.sv
	-f verilog.inpfiles
		hdlFilesDir/cds_alias.v
		ihnl/cds0/netlist
		ihnl/cds1/netlist
		ihnl/cds2/netlist
		ihnl/cds3/netlist
		ihnl/cds4/netlist
		ihnl/cds5/netlist
		ihnl/cds6/netlist
		ihnl/cds7/netlist
		ihnl/cds8/netlist
		ihnl/cds9/netlist
		ihnl/cds10/netlist
		ihnl/cds11/netlist
		ihnl/cds12/netlist
		ihnl/cds13/netlist
		ihnl/cds14/netlist
		ihnl/cds15/netlist
		ihnl/cds16/netlist
		ihnl/cds17/netlist
		ihnl/cds18/netlist
		ihnl/cds19/netlist
		ihnl/cds20/netlist
		ihnl/cds21/netlist
		ihnl/cds22/netlist
		ihnl/cds23/netlist
		ihnl/cds24/netlist
		ihnl/cds25/netlist
		ihnl/cds26/netlist
		ihnl/cds27/netlist
		ihnl/cds28/netlist
		ihnl/cds29/netlist
		ihnl/cds30/netlist
		ihnl/cds31/netlist
		ihnl/cds32/netlist
		ihnl/cds33/netlist
		ihnl/cds34/netlist
		ihnl/cds35/netlist
		ihnl/cds36/netlist
		ihnl/cds37/netlist
		ihnl/cds38/netlist
		ihnl/cds39/netlist
		hdlFilesDir/cds_globals.v
SOFTINCLUDE $SYSTEM_CDS_LIB_DIR/cds.lib
|
ncverilog: *W,DLCVAR (/proj/ncsu/ncsu-cdk-1.6.0.beta/cdssetup/cds.lib,1): cds.lib Invalid environment variable ''.
SOFTINCLUDE $SYSTEM_CDS_LIB_DIR/cds.lib
|
ncverilog: *W,DLCVAR (/proj/ncsu/ncsu-cdk-1.6.0.beta/cdssetup/cds.lib,1): cds.lib Invalid environment variable ''.
SOFTINCLUDE $SYSTEM_CDS_LIB_DIR/cds.lib
|
ncverilog: *W,DLCVAR (/proj/ncsu/ncsu-cdk-1.6.0.beta/cdssetup/cds.lib,1): cds.lib Invalid environment variable ''.
SOFTINCLUDE $SYSTEM_CDS_LIB_DIR/cds.lib
|
ncverilog: *W,DLCVAR (/proj/ncsu/ncsu-cdk-1.6.0.beta/cdssetup/cds.lib,1): cds.lib Invalid environment variable ''.
SOFTINCLUDE $SYSTEM_CDS_LIB_DIR/cds.lib
|
ncverilog: *W,DLCVAR (/proj/ncsu/ncsu-cdk-1.6.0.beta/cdssetup/cds.lib,1): cds.lib Invalid environment variable ''.
SOFTINCLUDE $SYSTEM_CDS_LIB_DIR/cds.lib
|
ncverilog: *W,DLCVAR (/proj/ncsu/ncsu-cdk-1.6.0.beta/cdssetup/cds.lib,1): cds.lib Invalid environment variable ''.
SOFTINCLUDE $SYSTEM_CDS_LIB_DIR/cds.lib
|
ncsim: *W,DLCVAR (/proj/ncsu/ncsu-cdk-1.6.0.beta/cdssetup/cds.lib,1): cds.lib Invalid environment variable ''.
ncsim: *W,DSEM2009: This SystemVerilog design is simulated as per IEEE 1800-2009 SystemVerilog simulation semantics. Use -disable_sem2009 option for turning off SV 2009 simulation semantics.

-------------------------------------
Relinquished control to SimVision...
ncsim> 
ncsim> source /cad/cds/INCISIV1520/tools/inca/files/ncsimrc
ncsim> database -open waves -into waves.shm -default
Created default SHM database waves
ncsim> probe -create -shm testbench.Adr testbench.MemData testbench.MemWrite testbench.ce testbench.clk1 testbench.clk2 testbench.oe testbench.reset testbench.we testbench.mem.mem testbench.dut.dp.PCReg.q testbench.dut.dp.I11.y testbench.dut.dp.I11.enBar testbench.dut.dp.I11.en testbench.dut.dp.I11.a testbench.dut.dp.I11.tristate_1x[0].a testbench.dut.dp.I11.tristate_1x[0].en testbench.dut.dp.I11.tristate_1x[0].enBar testbench.dut.dp.I11.tristate_1x[0].net05 testbench.dut.dp.I11.tristate_1x[0].y testbench.dut.dp.I11.tristate_1x[0].I1.a testbench.dut.dp.I11.tristate_1x[0].I1.y
Created probe 1
ncsim> run
Simulation interrupted at 1437398400 PS + 0
ncsim> ^C
ncsim> exit
TOOL:	ncverilog	15.20-s069: Exiting on Mar 22, 2019 at 01:46:06 EDT  (total: 00:13:01)
