ncverilog: 15.20-s069: (c) Copyright 1995-2019 Cadence Design Systems, Inc.
TOOL:	ncverilog	15.20-s069: Started on Feb 17, 2019 at 20:38:09 PST
ncverilog
	-l
	nc.log
	+access+r
	mips.sv
	-f verilog.inpfiles
		ihnl/cds0/netlist
		ihnl/cds1/netlist
		ihnl/cds2/netlist
		ihnl/cds3/netlist
		ihnl/cds4/netlist
		ihnl/cds5/netlist
		ihnl/cds6/netlist
		ihnl/cds7/netlist
		ihnl/cds8/netlist
		ihnl/cds9/netlist
		ihnl/cds10/netlist
		ihnl/cds11/netlist
		ihnl/cds12/netlist
		ihnl/cds13/netlist
		ihnl/cds14/netlist
		ihnl/cds15/netlist
		ihnl/cds16/netlist
		ihnl/cds17/netlist
		ihnl/cds18/netlist
		ihnl/cds19/netlist
		ihnl/cds20/netlist
		ihnl/cds21/netlist
		ihnl/cds22/netlist
		ihnl/cds23/netlist
		ihnl/cds24/netlist
		ihnl/cds25/netlist
		ihnl/cds26/netlist
		ihnl/cds27/netlist
		ihnl/cds28/netlist
		ihnl/cds29/netlist
		ihnl/cds30/netlist
		ihnl/cds31/netlist
		ihnl/cds32/netlist
		ihnl/cds33/netlist
		ihnl/cds34/netlist
		ihnl/cds35/netlist
		ihnl/cds36/netlist
		ihnl/cds37/netlist
		ihnl/cds38/netlist
		ihnl/cds39/netlist
		ihnl/cds40/netlist
		ihnl/cds41/netlist
		hdlFilesDir/cds_globals.v
SOFTINCLUDE $SYSTEM_CDS_LIB_DIR/cds.lib
|
ncverilog: *W,DLCVAR (/proj/ncsu/ncsu-cdk-1.6.0.beta/cdssetup/cds.lib,1): cds.lib Invalid environment variable ''.
SOFTINCLUDE $SYSTEM_CDS_LIB_DIR/cds.lib
|
ncverilog: *W,DLCVAR (/proj/ncsu/ncsu-cdk-1.6.0.beta/cdssetup/cds.lib,1): cds.lib Invalid environment variable ''.
SOFTINCLUDE $SYSTEM_CDS_LIB_DIR/cds.lib
|
ncverilog: *W,DLCVAR (/proj/ncsu/ncsu-cdk-1.6.0.beta/cdssetup/cds.lib,1): cds.lib Invalid environment variable ''.
SOFTINCLUDE $SYSTEM_CDS_LIB_DIR/cds.lib
|
ncverilog: *W,DLCVAR (/proj/ncsu/ncsu-cdk-1.6.0.beta/cdssetup/cds.lib,1): cds.lib Invalid environment variable ''.
SOFTINCLUDE $SYSTEM_CDS_LIB_DIR/cds.lib
|
ncverilog: *W,DLCVAR (/proj/ncsu/ncsu-cdk-1.6.0.beta/cdssetup/cds.lib,1): cds.lib Invalid environment variable ''.
SOFTINCLUDE $SYSTEM_CDS_LIB_DIR/cds.lib
|
ncverilog: *W,DLCVAR (/proj/ncsu/ncsu-cdk-1.6.0.beta/cdssetup/cds.lib,1): cds.lib Invalid environment variable ''.
SOFTINCLUDE $SYSTEM_CDS_LIB_DIR/cds.lib
|
ncsim: *W,DLCVAR (/proj/ncsu/ncsu-cdk-1.6.0.beta/cdssetup/cds.lib,1): cds.lib Invalid environment variable ''.
Loading snapshot worklib.testbench:sv .................... Done
ncsim: *W,DSEM2009: This SystemVerilog design is simulated as per IEEE 1800-2009 SystemVerilog simulation semantics. Use -disable_sem2009 option for turning off SV 2009 simulation semantics.
ncsim> source /cad/cds/INCISIV1520/tools/inca/files/ncsimrc
ncsim> run
Simulation interrupted at 3213381500 PS + 0
ncsim> ^C
ncsim> eixt
ncsim: *E,TCLERR: invalid command name "eixt".
ncsim> exit
TOOL:	ncverilog	15.20-s069: Exiting on Feb 17, 2019 at 20:38:33 PST  (total: 00:00:24)
