ncverilog: 15.20-s069: (c) Copyright 1995-2019 Cadence Design Systems, Inc.
TOOL:	ncverilog	15.20-s069: Started on Mar 22, 2019 at 01:16:59 EDT
ncverilog
	-l
	nc.log
	+access+r
	+gui
	tristates.sv
	-f verilog.inpfiles
		ihnl/cds0/netlist
		ihnl/cds1/netlist
		ihnl/cds2/netlist
		ihnl/cds3/netlist
		hdlFilesDir/cds_globals.v
SOFTINCLUDE $SYSTEM_CDS_LIB_DIR/cds.lib
|
ncverilog: *W,DLCVAR (/proj/ncsu/ncsu-cdk-1.6.0.beta/cdssetup/cds.lib,1): cds.lib Invalid environment variable ''.
SOFTINCLUDE $SYSTEM_CDS_LIB_DIR/cds.lib
|
ncverilog: *W,DLCVAR (/proj/ncsu/ncsu-cdk-1.6.0.beta/cdssetup/cds.lib,1): cds.lib Invalid environment variable ''.
SOFTINCLUDE $SYSTEM_CDS_LIB_DIR/cds.lib
|
ncverilog: *W,DLCVAR (/proj/ncsu/ncsu-cdk-1.6.0.beta/cdssetup/cds.lib,1): cds.lib Invalid environment variable ''.
SOFTINCLUDE $SYSTEM_CDS_LIB_DIR/cds.lib
|
ncverilog: *W,DLCVAR (/proj/ncsu/ncsu-cdk-1.6.0.beta/cdssetup/cds.lib,1): cds.lib Invalid environment variable ''.
SOFTINCLUDE $SYSTEM_CDS_LIB_DIR/cds.lib
|
ncverilog: *W,DLCVAR (/proj/ncsu/ncsu-cdk-1.6.0.beta/cdssetup/cds.lib,1): cds.lib Invalid environment variable ''.
SOFTINCLUDE $SYSTEM_CDS_LIB_DIR/cds.lib
|
ncverilog: *W,DLCVAR (/proj/ncsu/ncsu-cdk-1.6.0.beta/cdssetup/cds.lib,1): cds.lib Invalid environment variable ''.
SOFTINCLUDE $SYSTEM_CDS_LIB_DIR/cds.lib
|
ncsim: *W,DLCVAR (/proj/ncsu/ncsu-cdk-1.6.0.beta/cdssetup/cds.lib,1): cds.lib Invalid environment variable ''.
ncsim: *W,DSEM2009: This SystemVerilog design is simulated as per IEEE 1800-2009 SystemVerilog simulation semantics. Use -disable_sem2009 option for turning off SV 2009 simulation semantics.

-------------------------------------
Relinquished control to SimVision...
ncsim> 
ncsim> source /cad/cds/INCISIV1520/tools/inca/files/ncsimrc
ncsim> database -open waves -into waves.shm -default
Created default SHM database waves
ncsim> probe -create -shm testbench.y testbench.vectors testbench.vectornum testbench.errors testbench.en testbench.currentvec testbench.clk testbench.a
Created probe 1
ncsim> run
Completed  5 tests with  0 errors.
Simulation stopped via $stop(1) at time 101 NS + 0
ncsim> ^C
ncsim> exit
TOOL:	ncverilog	15.20-s069: Exiting on Mar 22, 2019 at 01:47:26 EDT  (total: 00:30:27)
