ncverilog: 15.20-s069: (c) Copyright 1995-2019 Cadence Design Systems, Inc.
TOOL:	ncverilog	15.20-s069: Started on Mar 25, 2019 at 03:48:12 EDT
ncverilog
	-l
	nc.log
	+access+r
	+gui
	testbench.sv
	-f verilog.inpfiles
		/proj/ncsu/ncsu-cdk-1.6.0.beta/lib/NCSU_Analog_Parts/nmos4/functional/verilog.v
		/proj/ncsu/ncsu-cdk-1.6.0.beta/lib/NCSU_Analog_Parts/pmos4/functional/verilog.v
		sram.sv
		ihnl/cds0/netlist
		ihnl/cds1/netlist
		ihnl/cds2/netlist
		ihnl/cds3/netlist
		ihnl/cds4/netlist
		ihnl/cds5/netlist
		ihnl/cds6/netlist
		ihnl/cds7/netlist
		ihnl/cds8/netlist
		ihnl/cds9/netlist
		ihnl/cds10/netlist
		ihnl/cds11/netlist
		ihnl/cds12/netlist
		ihnl/cds13/netlist
		ihnl/cds14/netlist
		ihnl/cds15/netlist
		ihnl/cds16/netlist
		ihnl/cds17/netlist
		ihnl/cds18/netlist
		ihnl/cds19/netlist
		ihnl/cds20/netlist
		ihnl/cds21/netlist
		ihnl/cds22/netlist
		ihnl/cds23/netlist
		ihnl/cds24/netlist
		ihnl/cds25/netlist
		ihnl/cds26/netlist
		ihnl/cds27/netlist
		ihnl/cds28/netlist
		ihnl/cds29/netlist
		ihnl/cds30/netlist
		ihnl/cds31/netlist
		ihnl/cds32/netlist
		ihnl/cds33/netlist
		ihnl/cds34/netlist
		ihnl/cds35/netlist
		ihnl/cds36/netlist
		ihnl/cds37/netlist
		ihnl/cds38/netlist
		ihnl/cds39/netlist
		ihnl/cds40/netlist
		ihnl/cds41/netlist
		ihnl/cds42/netlist
		ihnl/cds43/netlist
		ihnl/cds44/netlist
		ihnl/cds45/netlist
		ihnl/cds46/netlist
		ihnl/cds47/netlist
		ihnl/cds48/netlist
		ihnl/cds49/netlist
		ihnl/cds50/netlist
		ihnl/cds51/netlist
		ihnl/cds52/netlist
		hdlFilesDir/cds_globals.v
SOFTINCLUDE $SYSTEM_CDS_LIB_DIR/cds.lib
|
ncverilog: *W,DLCVAR (/proj/ncsu/ncsu-cdk-1.6.0.beta/cdssetup/cds.lib,1): cds.lib Invalid environment variable ''.
SOFTINCLUDE $SYSTEM_CDS_LIB_DIR/cds.lib
|
ncverilog: *W,DLCVAR (/proj/ncsu/ncsu-cdk-1.6.0.beta/cdssetup/cds.lib,1): cds.lib Invalid environment variable ''.
SOFTINCLUDE $SYSTEM_CDS_LIB_DIR/cds.lib
|
ncverilog: *W,DLCVAR (/proj/ncsu/ncsu-cdk-1.6.0.beta/cdssetup/cds.lib,1): cds.lib Invalid environment variable ''.
SOFTINCLUDE $SYSTEM_CDS_LIB_DIR/cds.lib
|
ncverilog: *W,DLCVAR (/proj/ncsu/ncsu-cdk-1.6.0.beta/cdssetup/cds.lib,1): cds.lib Invalid environment variable ''.
SOFTINCLUDE $SYSTEM_CDS_LIB_DIR/cds.lib
|
ncverilog: *W,DLCVAR (/proj/ncsu/ncsu-cdk-1.6.0.beta/cdssetup/cds.lib,1): cds.lib Invalid environment variable ''.
Recompiling... reason: checksum check failure for module worklib.testbench:sv (VST).
SOFTINCLUDE $SYSTEM_CDS_LIB_DIR/cds.lib
|
ncverilog: *W,DLCVAR (/proj/ncsu/ncsu-cdk-1.6.0.beta/cdssetup/cds.lib,1): cds.lib Invalid environment variable ''.
SOFTINCLUDE $SYSTEM_CDS_LIB_DIR/cds.lib
|
ncvlog: *W,DLCVAR (/proj/ncsu/ncsu-cdk-1.6.0.beta/cdssetup/cds.lib,1): cds.lib Invalid environment variable ''.
file: ihnl/cds0/netlist
`switch default
      |
ncvlog: *W,DIRNOW (ihnl/cds0/netlist,20|6): `switch: compiler directive ignored.
`switch default
      |
ncvlog: *W,DIRNOW (ihnl/cds0/netlist,23|6): `switch: compiler directive ignored.
`switch default
      |
ncvlog: *W,DIRNOW (ihnl/cds0/netlist,26|6): `switch: compiler directive ignored.
`switch default
      |
ncvlog: *W,DIRNOW (ihnl/cds0/netlist,29|6): `switch: compiler directive ignored.
file: ihnl/cds1/netlist
`switch default
      |
ncvlog: *W,DIRNOW (ihnl/cds1/netlist,20|6): `switch: compiler directive ignored.
`switch default
      |
ncvlog: *W,DIRNOW (ihnl/cds1/netlist,23|6): `switch: compiler directive ignored.
file: ihnl/cds2/netlist
`switch default
      |
ncvlog: *W,DIRNOW (ihnl/cds2/netlist,20|6): `switch: compiler directive ignored.
`switch default
      |
ncvlog: *W,DIRNOW (ihnl/cds2/netlist,23|6): `switch: compiler directive ignored.
`switch default
      |
ncvlog: *W,DIRNOW (ihnl/cds2/netlist,26|6): `switch: compiler directive ignored.
`switch default
      |
ncvlog: *W,DIRNOW (ihnl/cds2/netlist,29|6): `switch: compiler directive ignored.
file: ihnl/cds4/netlist
`switch default
      |
ncvlog: *W,DIRNOW (ihnl/cds4/netlist,23|6): `switch: compiler directive ignored.
`switch default
      |
ncvlog: *W,DIRNOW (ihnl/cds4/netlist,26|6): `switch: compiler directive ignored.
`switch default
      |
ncvlog: *W,DIRNOW (ihnl/cds4/netlist,29|6): `switch: compiler directive ignored.
`switch default
      |
ncvlog: *W,DIRNOW (ihnl/cds4/netlist,32|6): `switch: compiler directive ignored.
`switch default
      |
ncvlog: *W,DIRNOW (ihnl/cds4/netlist,35|6): `switch: compiler directive ignored.
`switch default
      |
ncvlog: *W,DIRNOW (ihnl/cds4/netlist,38|6): `switch: compiler directive ignored.
`switch default
      |
ncvlog: *W,DIRNOW (ihnl/cds4/netlist,41|6): `switch: compiler directive ignored.
`switch default
      |
ncvlog: *W,DIRNOW (ihnl/cds4/netlist,44|6): `switch: compiler directive ignored.
`switch default
      |
ncvlog: *W,DIRNOW (ihnl/cds4/netlist,47|6): `switch: compiler directive ignored.
`switch default
      |
ncvlog: *W,DIRNOW (ihnl/cds4/netlist,50|6): `switch: compiler directive ignored.
`switch default
      |
ncvlog: *W,DIRNOW (ihnl/cds4/netlist,53|6): `switch: compiler directive ignored.
`switch default
      |
ncvlog: *W,DIRNOW (ihnl/cds4/netlist,56|6): `switch: compiler directive ignored.
`switch default
      |
ncvlog: *W,DIRNOW (ihnl/cds4/netlist,59|6): `switch: compiler directive ignored.
`switch default
      |
ncvlog: *W,DIRNOW (ihnl/cds4/netlist,62|6): `switch: compiler directive ignored.
file: ihnl/cds5/netlist
`switch default
      |
ncvlog: *W,DIRNOW (ihnl/cds5/netlist,20|6): `switch: compiler directive ignored.
`switch default
      |
ncvlog: *W,DIRNOW (ihnl/cds5/netlist,23|6): `switch: compiler directive ignored.
`switch default
      |
ncvlog: *W,DIRNOW (ihnl/cds5/netlist,26|6): `switch: compiler directive ignored.
`switch default
      |
ncvlog: *W,DIRNOW (ihnl/cds5/netlist,29|6): `switch: compiler directive ignored.
`switch default
      |
ncvlog: *W,DIRNOW (ihnl/cds5/netlist,32|6): `switch: compiler directive ignored.
`switch default
      |
ncvlog: *W,DIRNOW (ihnl/cds5/netlist,35|6): `switch: compiler directive ignored.
file: ihnl/cds6/netlist
`switch default
      |
ncvlog: *W,DIRNOW (ihnl/cds6/netlist,20|6): `switch: compiler directive ignored.
`switch default
      |
ncvlog: *W,DIRNOW (ihnl/cds6/netlist,23|6): `switch: compiler directive ignored.
`switch default
      |
ncvlog: *W,DIRNOW (ihnl/cds6/netlist,26|6): `switch: compiler directive ignored.
`switch default
      |
ncvlog: *W,DIRNOW (ihnl/cds6/netlist,29|6): `switch: compiler directive ignored.
`switch default
      |
ncvlog: *W,DIRNOW (ihnl/cds6/netlist,32|6): `switch: compiler directive ignored.
`switch default
      |
ncvlog: *W,DIRNOW (ihnl/cds6/netlist,35|6): `switch: compiler directive ignored.
file: ihnl/cds7/netlist
`switch default
      |
ncvlog: *W,DIRNOW (ihnl/cds7/netlist,20|6): `switch: compiler directive ignored.
`switch default
      |
ncvlog: *W,DIRNOW (ihnl/cds7/netlist,23|6): `switch: compiler directive ignored.
`switch default
      |
ncvlog: *W,DIRNOW (ihnl/cds7/netlist,26|6): `switch: compiler directive ignored.
`switch default
      |
ncvlog: *W,DIRNOW (ihnl/cds7/netlist,29|6): `switch: compiler directive ignored.
`switch default
      |
ncvlog: *W,DIRNOW (ihnl/cds7/netlist,32|6): `switch: compiler directive ignored.
`switch default
      |
ncvlog: *W,DIRNOW (ihnl/cds7/netlist,35|6): `switch: compiler directive ignored.
`switch default
      |
ncvlog: *W,DIRNOW (ihnl/cds7/netlist,38|6): `switch: compiler directive ignored.
`switch default
      |
ncvlog: *W,DIRNOW (ihnl/cds7/netlist,41|6): `switch: compiler directive ignored.
file: ihnl/cds8/netlist
`switch default
      |
ncvlog: *W,DIRNOW (ihnl/cds8/netlist,20|6): `switch: compiler directive ignored.
`switch default
      |
ncvlog: *W,DIRNOW (ihnl/cds8/netlist,23|6): `switch: compiler directive ignored.
`switch default
      |
ncvlog: *W,DIRNOW (ihnl/cds8/netlist,26|6): `switch: compiler directive ignored.
`switch default
      |
ncvlog: *W,DIRNOW (ihnl/cds8/netlist,29|6): `switch: compiler directive ignored.
`switch default
      |
ncvlog: *W,DIRNOW (ihnl/cds8/netlist,32|6): `switch: compiler directive ignored.
`switch default
      |
ncvlog: *W,DIRNOW (ihnl/cds8/netlist,35|6): `switch: compiler directive ignored.
file: ihnl/cds9/netlist
`switch default
      |
ncvlog: *W,DIRNOW (ihnl/cds9/netlist,20|6): `switch: compiler directive ignored.
`switch default
      |
ncvlog: *W,DIRNOW (ihnl/cds9/netlist,23|6): `switch: compiler directive ignored.
`switch default
      |
ncvlog: *W,DIRNOW (ihnl/cds9/netlist,26|6): `switch: compiler directive ignored.
`switch default
      |
ncvlog: *W,DIRNOW (ihnl/cds9/netlist,29|6): `switch: compiler directive ignored.
`switch default
      |
ncvlog: *W,DIRNOW (ihnl/cds9/netlist,32|6): `switch: compiler directive ignored.
`switch default
      |
ncvlog: *W,DIRNOW (ihnl/cds9/netlist,35|6): `switch: compiler directive ignored.
file: ihnl/cds11/netlist
`switch default
      |
ncvlog: *W,DIRNOW (ihnl/cds11/netlist,20|6): `switch: compiler directive ignored.
`switch default
      |
ncvlog: *W,DIRNOW (ihnl/cds11/netlist,23|6): `switch: compiler directive ignored.
`switch default
      |
ncvlog: *W,DIRNOW (ihnl/cds11/netlist,26|6): `switch: compiler directive ignored.
`switch default
      |
ncvlog: *W,DIRNOW (ihnl/cds11/netlist,29|6): `switch: compiler directive ignored.
`switch default
      |
ncvlog: *W,DIRNOW (ihnl/cds11/netlist,32|6): `switch: compiler directive ignored.
`switch default
      |
ncvlog: *W,DIRNOW (ihnl/cds11/netlist,35|6): `switch: compiler directive ignored.
`switch default
      |
ncvlog: *W,DIRNOW (ihnl/cds11/netlist,38|6): `switch: compiler directive ignored.
`switch default
      |
ncvlog: *W,DIRNOW (ihnl/cds11/netlist,41|6): `switch: compiler directive ignored.
`switch default
      |
ncvlog: *W,DIRNOW (ihnl/cds11/netlist,44|6): `switch: compiler directive ignored.
`switch default
      |
ncvlog: *W,DIRNOW (ihnl/cds11/netlist,47|6): `switch: compiler directive ignored.
`switch default
      |
ncvlog: *W,DIRNOW (ihnl/cds11/netlist,50|6): `switch: compiler directive ignored.
`switch default
      |
ncvlog: *W,DIRNOW (ihnl/cds11/netlist,53|6): `switch: compiler directive ignored.
file: ihnl/cds12/netlist
`switch default
      |
ncvlog: *W,DIRNOW (ihnl/cds12/netlist,20|6): `switch: compiler directive ignored.
`switch default
      |
ncvlog: *W,DIRNOW (ihnl/cds12/netlist,23|6): `switch: compiler directive ignored.
file: ihnl/cds14/netlist
`switch default
      |
ncvlog: *W,DIRNOW (ihnl/cds14/netlist,20|6): `switch: compiler directive ignored.
`switch default
      |
ncvlog: *W,DIRNOW (ihnl/cds14/netlist,23|6): `switch: compiler directive ignored.
`switch default
      |
ncvlog: *W,DIRNOW (ihnl/cds14/netlist,26|6): `switch: compiler directive ignored.
`switch default
      |
ncvlog: *W,DIRNOW (ihnl/cds14/netlist,29|6): `switch: compiler directive ignored.
`switch default
      |
ncvlog: *W,DIRNOW (ihnl/cds14/netlist,32|6): `switch: compiler directive ignored.
`switch default
      |
ncvlog: *W,DIRNOW (ihnl/cds14/netlist,35|6): `switch: compiler directive ignored.
`switch default
      |
ncvlog: *W,DIRNOW (ihnl/cds14/netlist,38|6): `switch: compiler directive ignored.
`switch default
      |
ncvlog: *W,DIRNOW (ihnl/cds14/netlist,41|6): `switch: compiler directive ignored.
`switch default
      |
ncvlog: *W,DIRNOW (ihnl/cds14/netlist,44|6): `switch: compiler directive ignored.
`switch default
      |
ncvlog: *W,DIRNOW (ihnl/cds14/netlist,47|6): `switch: compiler directive ignored.
`switch default
      |
ncvlog: *W,DIRNOW (ihnl/cds14/netlist,50|6): `switch: compiler directive ignored.
`switch default
      |
ncvlog: *W,DIRNOW (ihnl/cds14/netlist,53|6): `switch: compiler directive ignored.
`switch default
      |
ncvlog: *W,DIRNOW (ihnl/cds14/netlist,56|6): `switch: compiler directive ignored.
`switch default
      |
ncvlog: *W,DIRNOW (ihnl/cds14/netlist,59|6): `switch: compiler directive ignored.
`switch default
      |
ncvlog: *W,DIRNOW (ihnl/cds14/netlist,62|6): `switch: compiler directive ignored.
`switch default
      |
ncvlog: *W,DIRNOW (ihnl/cds14/netlist,65|6): `switch: compiler directive ignored.
file: ihnl/cds17/netlist
`switch default
      |
ncvlog: *W,DIRNOW (ihnl/cds17/netlist,20|6): `switch: compiler directive ignored.
`switch default
      |
ncvlog: *W,DIRNOW (ihnl/cds17/netlist,23|6): `switch: compiler directive ignored.
`switch default
      |
ncvlog: *W,DIRNOW (ihnl/cds17/netlist,26|6): `switch: compiler directive ignored.
`switch default
      |
ncvlog: *W,DIRNOW (ihnl/cds17/netlist,29|6): `switch: compiler directive ignored.
`switch default
      |
ncvlog: *W,DIRNOW (ihnl/cds17/netlist,32|6): `switch: compiler directive ignored.
`switch default
      |
ncvlog: *W,DIRNOW (ihnl/cds17/netlist,35|6): `switch: compiler directive ignored.
`switch default
      |
ncvlog: *W,DIRNOW (ihnl/cds17/netlist,38|6): `switch: compiler directive ignored.
`switch default
      |
ncvlog: *W,DIRNOW (ihnl/cds17/netlist,41|6): `switch: compiler directive ignored.
`switch default
      |
ncvlog: *W,DIRNOW (ihnl/cds17/netlist,44|6): `switch: compiler directive ignored.
`switch default
      |
ncvlog: *W,DIRNOW (ihnl/cds17/netlist,47|6): `switch: compiler directive ignored.
`switch default
      |
ncvlog: *W,DIRNOW (ihnl/cds17/netlist,50|6): `switch: compiler directive ignored.
`switch default
      |
ncvlog: *W,DIRNOW (ihnl/cds17/netlist,53|6): `switch: compiler directive ignored.
`switch default
      |
ncvlog: *W,DIRNOW (ihnl/cds17/netlist,56|6): `switch: compiler directive ignored.
`switch default
      |
ncvlog: *W,DIRNOW (ihnl/cds17/netlist,59|6): `switch: compiler directive ignored.
`switch default
      |
ncvlog: *W,DIRNOW (ihnl/cds17/netlist,62|6): `switch: compiler directive ignored.
`switch default
      |
ncvlog: *W,DIRNOW (ihnl/cds17/netlist,65|6): `switch: compiler directive ignored.
`switch default
      |
ncvlog: *W,DIRNOW (ihnl/cds17/netlist,68|6): `switch: compiler directive ignored.
`switch default
      |
ncvlog: *W,DIRNOW (ihnl/cds17/netlist,71|6): `switch: compiler directive ignored.
`switch default
      |
ncvlog: *W,DIRNOW (ihnl/cds17/netlist,74|6): `switch: compiler directive ignored.
`switch default
      |
ncvlog: *W,DIRNOW (ihnl/cds17/netlist,77|6): `switch: compiler directive ignored.
`switch default
      |
ncvlog: *W,DIRNOW (ihnl/cds17/netlist,80|6): `switch: compiler directive ignored.
`switch default
      |
ncvlog: *W,DIRNOW (ihnl/cds17/netlist,83|6): `switch: compiler directive ignored.
file: ihnl/cds19/netlist
`switch default
      |
ncvlog: *W,DIRNOW (ihnl/cds19/netlist,20|6): `switch: compiler directive ignored.
`switch default
      |
ncvlog: *W,DIRNOW (ihnl/cds19/netlist,23|6): `switch: compiler directive ignored.
`switch default
      |
ncvlog: *W,DIRNOW (ihnl/cds19/netlist,26|6): `switch: compiler directive ignored.
`switch default
      |
ncvlog: *W,DIRNOW (ihnl/cds19/netlist,29|6): `switch: compiler directive ignored.
`switch default
      |
ncvlog: *W,DIRNOW (ihnl/cds19/netlist,32|6): `switch: compiler directive ignored.
`switch default
      |
ncvlog: *W,DIRNOW (ihnl/cds19/netlist,35|6): `switch: compiler directive ignored.
`switch default
      |
ncvlog: *W,DIRNOW (ihnl/cds19/netlist,38|6): `switch: compiler directive ignored.
`switch default
      |
ncvlog: *W,DIRNOW (ihnl/cds19/netlist,41|6): `switch: compiler directive ignored.
`switch default
      |
ncvlog: *W,DIRNOW (ihnl/cds19/netlist,44|6): `switch: compiler directive ignored.
`switch default
      |
ncvlog: *W,DIRNOW (ihnl/cds19/netlist,47|6): `switch: compiler directive ignored.
`switch default
      |
ncvlog: *W,DIRNOW (ihnl/cds19/netlist,50|6): `switch: compiler directive ignored.
`switch default
      |
ncvlog: *W,DIRNOW (ihnl/cds19/netlist,53|6): `switch: compiler directive ignored.
`switch default
      |
ncvlog: *W,DIRNOW (ihnl/cds19/netlist,56|6): `switch: compiler directive ignored.
`switch default
      |
ncvlog: *W,DIRNOW (ihnl/cds19/netlist,59|6): `switch: compiler directive ignored.
`switch default
      |
ncvlog: *W,DIRNOW (ihnl/cds19/netlist,62|6): `switch: compiler directive ignored.
`switch default
      |
ncvlog: *W,DIRNOW (ihnl/cds19/netlist,65|6): `switch: compiler directive ignored.
`switch default
      |
ncvlog: *W,DIRNOW (ihnl/cds19/netlist,68|6): `switch: compiler directive ignored.
`switch default
      |
ncvlog: *W,DIRNOW (ihnl/cds19/netlist,71|6): `switch: compiler directive ignored.
`switch default
      |
ncvlog: *W,DIRNOW (ihnl/cds19/netlist,74|6): `switch: compiler directive ignored.
`switch default
      |
ncvlog: *W,DIRNOW (ihnl/cds19/netlist,77|6): `switch: compiler directive ignored.
`switch default
      |
ncvlog: *W,DIRNOW (ihnl/cds19/netlist,80|6): `switch: compiler directive ignored.
`switch default
      |
ncvlog: *W,DIRNOW (ihnl/cds19/netlist,83|6): `switch: compiler directive ignored.
`switch default
      |
ncvlog: *W,DIRNOW (ihnl/cds19/netlist,86|6): `switch: compiler directive ignored.
`switch default
      |
ncvlog: *W,DIRNOW (ihnl/cds19/netlist,89|6): `switch: compiler directive ignored.
`switch default
      |
ncvlog: *W,DIRNOW (ihnl/cds19/netlist,92|6): `switch: compiler directive ignored.
`switch default
      |
ncvlog: *W,DIRNOW (ihnl/cds19/netlist,95|6): `switch: compiler directive ignored.
`switch default
      |
ncvlog: *W,DIRNOW (ihnl/cds19/netlist,98|6): `switch: compiler directive ignored.
`switch default
      |
ncvlog: *W,DIRNOW (ihnl/cds19/netlist,101|6): `switch: compiler directive ignored.
file: ihnl/cds21/netlist
`switch default
      |
ncvlog: *W,DIRNOW (ihnl/cds21/netlist,20|6): `switch: compiler directive ignored.
`switch default
      |
ncvlog: *W,DIRNOW (ihnl/cds21/netlist,23|6): `switch: compiler directive ignored.
`switch default
      |
ncvlog: *W,DIRNOW (ihnl/cds21/netlist,26|6): `switch: compiler directive ignored.
`switch default
      |
ncvlog: *W,DIRNOW (ihnl/cds21/netlist,29|6): `switch: compiler directive ignored.
`switch default
      |
ncvlog: *W,DIRNOW (ihnl/cds21/netlist,32|6): `switch: compiler directive ignored.
`switch default
      |
ncvlog: *W,DIRNOW (ihnl/cds21/netlist,35|6): `switch: compiler directive ignored.
`switch default
      |
ncvlog: *W,DIRNOW (ihnl/cds21/netlist,38|6): `switch: compiler directive ignored.
`switch default
      |
ncvlog: *W,DIRNOW (ihnl/cds21/netlist,41|6): `switch: compiler directive ignored.
`switch default
      |
ncvlog: *W,DIRNOW (ihnl/cds21/netlist,44|6): `switch: compiler directive ignored.
`switch default
      |
ncvlog: *W,DIRNOW (ihnl/cds21/netlist,47|6): `switch: compiler directive ignored.
file: ihnl/cds29/netlist
`switch default
      |
ncvlog: *W,DIRNOW (ihnl/cds29/netlist,24|6): `switch: compiler directive ignored.
`switch default
      |
ncvlog: *W,DIRNOW (ihnl/cds29/netlist,27|6): `switch: compiler directive ignored.
`switch default
      |
ncvlog: *W,DIRNOW (ihnl/cds29/netlist,30|6): `switch: compiler directive ignored.
`switch default
      |
ncvlog: *W,DIRNOW (ihnl/cds29/netlist,33|6): `switch: compiler directive ignored.
`switch default
      |
ncvlog: *W,DIRNOW (ihnl/cds29/netlist,36|6): `switch: compiler directive ignored.
`switch default
      |
ncvlog: *W,DIRNOW (ihnl/cds29/netlist,39|6): `switch: compiler directive ignored.
`switch default
      |
ncvlog: *W,DIRNOW (ihnl/cds29/netlist,42|6): `switch: compiler directive ignored.
`switch default
      |
ncvlog: *W,DIRNOW (ihnl/cds29/netlist,45|6): `switch: compiler directive ignored.
`switch default
      |
ncvlog: *W,DIRNOW (ihnl/cds29/netlist,48|6): `switch: compiler directive ignored.
`switch default
      |
ncvlog: *W,DIRNOW (ihnl/cds29/netlist,51|6): `switch: compiler directive ignored.
`switch default
      |
ncvlog: *W,DIRNOW (ihnl/cds29/netlist,54|6): `switch: compiler directive ignored.
`switch default
      |
ncvlog: *W,DIRNOW (ihnl/cds29/netlist,57|6): `switch: compiler directive ignored.
`switch default
      |
ncvlog: *W,DIRNOW (ihnl/cds29/netlist,60|6): `switch: compiler directive ignored.
`switch default
      |
ncvlog: *W,DIRNOW (ihnl/cds29/netlist,63|6): `switch: compiler directive ignored.
file: ihnl/cds31/netlist
`switch default
      |
ncvlog: *W,DIRNOW (ihnl/cds31/netlist,20|6): `switch: compiler directive ignored.
`switch default
      |
ncvlog: *W,DIRNOW (ihnl/cds31/netlist,23|6): `switch: compiler directive ignored.
`switch default
      |
ncvlog: *W,DIRNOW (ihnl/cds31/netlist,26|6): `switch: compiler directive ignored.
`switch default
      |
ncvlog: *W,DIRNOW (ihnl/cds31/netlist,29|6): `switch: compiler directive ignored.
`switch default
      |
ncvlog: *W,DIRNOW (ihnl/cds31/netlist,32|6): `switch: compiler directive ignored.
`switch default
      |
ncvlog: *W,DIRNOW (ihnl/cds31/netlist,35|6): `switch: compiler directive ignored.
`switch default
      |
ncvlog: *W,DIRNOW (ihnl/cds31/netlist,38|6): `switch: compiler directive ignored.
`switch default
      |
ncvlog: *W,DIRNOW (ihnl/cds31/netlist,41|6): `switch: compiler directive ignored.
`switch default
      |
ncvlog: *W,DIRNOW (ihnl/cds31/netlist,44|6): `switch: compiler directive ignored.
`switch default
      |
ncvlog: *W,DIRNOW (ihnl/cds31/netlist,47|6): `switch: compiler directive ignored.
file: ihnl/cds35/netlist
`switch default
      |
ncvlog: *W,DIRNOW (ihnl/cds35/netlist,20|6): `switch: compiler directive ignored.
`switch default
      |
ncvlog: *W,DIRNOW (ihnl/cds35/netlist,23|6): `switch: compiler directive ignored.
file: ihnl/cds38/netlist
`switch default
      |
ncvlog: *W,DIRNOW (ihnl/cds38/netlist,26|6): `switch: compiler directive ignored.
`switch default
      |
ncvlog: *W,DIRNOW (ihnl/cds38/netlist,29|6): `switch: compiler directive ignored.
`switch default
      |
ncvlog: *W,DIRNOW (ihnl/cds38/netlist,32|6): `switch: compiler directive ignored.
`switch default
      |
ncvlog: *W,DIRNOW (ihnl/cds38/netlist,35|6): `switch: compiler directive ignored.
`switch default
      |
ncvlog: *W,DIRNOW (ihnl/cds38/netlist,38|6): `switch: compiler directive ignored.
`switch default
      |
ncvlog: *W,DIRNOW (ihnl/cds38/netlist,41|6): `switch: compiler directive ignored.
`switch default
      |
ncvlog: *W,DIRNOW (ihnl/cds38/netlist,44|6): `switch: compiler directive ignored.
`switch default
      |
ncvlog: *W,DIRNOW (ihnl/cds38/netlist,47|6): `switch: compiler directive ignored.
`switch default
      |
ncvlog: *W,DIRNOW (ihnl/cds38/netlist,50|6): `switch: compiler directive ignored.
`switch default
      |
ncvlog: *W,DIRNOW (ihnl/cds38/netlist,53|6): `switch: compiler directive ignored.
`switch default
      |
ncvlog: *W,DIRNOW (ihnl/cds38/netlist,56|6): `switch: compiler directive ignored.
`switch default
      |
ncvlog: *W,DIRNOW (ihnl/cds38/netlist,59|6): `switch: compiler directive ignored.
`switch default
      |
ncvlog: *W,DIRNOW (ihnl/cds38/netlist,62|6): `switch: compiler directive ignored.
`switch default
      |
ncvlog: *W,DIRNOW (ihnl/cds38/netlist,65|6): `switch: compiler directive ignored.
`switch default
      |
ncvlog: *W,DIRNOW (ihnl/cds38/netlist,68|6): `switch: compiler directive ignored.
`switch default
      |
ncvlog: *W,DIRNOW (ihnl/cds38/netlist,71|6): `switch: compiler directive ignored.
`switch default
      |
ncvlog: *W,DIRNOW (ihnl/cds38/netlist,74|6): `switch: compiler directive ignored.
`switch default
      |
ncvlog: *W,DIRNOW (ihnl/cds38/netlist,77|6): `switch: compiler directive ignored.
`switch default
      |
ncvlog: *W,DIRNOW (ihnl/cds38/netlist,80|6): `switch: compiler directive ignored.
`switch default
      |
ncvlog: *W,DIRNOW (ihnl/cds38/netlist,83|6): `switch: compiler directive ignored.
`switch default
      |
ncvlog: *W,DIRNOW (ihnl/cds38/netlist,86|6): `switch: compiler directive ignored.
`switch default
      |
ncvlog: *W,DIRNOW (ihnl/cds38/netlist,89|6): `switch: compiler directive ignored.
file: ihnl/cds39/netlist
`switch default
      |
ncvlog: *W,DIRNOW (ihnl/cds39/netlist,20|6): `switch: compiler directive ignored.
`switch default
      |
ncvlog: *W,DIRNOW (ihnl/cds39/netlist,23|6): `switch: compiler directive ignored.
`switch default
      |
ncvlog: *W,DIRNOW (ihnl/cds39/netlist,26|6): `switch: compiler directive ignored.
`switch default
      |
ncvlog: *W,DIRNOW (ihnl/cds39/netlist,29|6): `switch: compiler directive ignored.
`switch default
      |
ncvlog: *W,DIRNOW (ihnl/cds39/netlist,32|6): `switch: compiler directive ignored.
`switch default
      |
ncvlog: *W,DIRNOW (ihnl/cds39/netlist,35|6): `switch: compiler directive ignored.
file: ihnl/cds42/netlist
`switch default
      |
ncvlog: *W,DIRNOW (ihnl/cds42/netlist,26|6): `switch: compiler directive ignored.
`switch default
      |
ncvlog: *W,DIRNOW (ihnl/cds42/netlist,29|6): `switch: compiler directive ignored.
`switch default
      |
ncvlog: *W,DIRNOW (ihnl/cds42/netlist,32|6): `switch: compiler directive ignored.
`switch default
      |
ncvlog: *W,DIRNOW (ihnl/cds42/netlist,35|6): `switch: compiler directive ignored.
`switch default
      |
ncvlog: *W,DIRNOW (ihnl/cds42/netlist,38|6): `switch: compiler directive ignored.
`switch default
      |
ncvlog: *W,DIRNOW (ihnl/cds42/netlist,41|6): `switch: compiler directive ignored.
`switch default
      |
ncvlog: *W,DIRNOW (ihnl/cds42/netlist,44|6): `switch: compiler directive ignored.
`switch default
      |
ncvlog: *W,DIRNOW (ihnl/cds42/netlist,47|6): `switch: compiler directive ignored.
`switch default
      |
ncvlog: *W,DIRNOW (ihnl/cds42/netlist,50|6): `switch: compiler directive ignored.
`switch default
      |
ncvlog: *W,DIRNOW (ihnl/cds42/netlist,53|6): `switch: compiler directive ignored.
`switch default
      |
ncvlog: *W,DIRNOW (ihnl/cds42/netlist,56|6): `switch: compiler directive ignored.
`switch default
      |
ncvlog: *W,DIRNOW (ihnl/cds42/netlist,59|6): `switch: compiler directive ignored.
`switch default
      |
ncvlog: *W,DIRNOW (ihnl/cds42/netlist,62|6): `switch: compiler directive ignored.
`switch default
      |
ncvlog: *W,DIRNOW (ihnl/cds42/netlist,65|6): `switch: compiler directive ignored.
`switch default
      |
ncvlog: *W,DIRNOW (ihnl/cds42/netlist,68|6): `switch: compiler directive ignored.
`switch default
      |
ncvlog: *W,DIRNOW (ihnl/cds42/netlist,71|6): `switch: compiler directive ignored.
file: ihnl/cds44/netlist
`switch default
      |
ncvlog: *W,DIRNOW (ihnl/cds44/netlist,26|6): `switch: compiler directive ignored.
`switch default
      |
ncvlog: *W,DIRNOW (ihnl/cds44/netlist,29|6): `switch: compiler directive ignored.
`switch default
      |
ncvlog: *W,DIRNOW (ihnl/cds44/netlist,32|6): `switch: compiler directive ignored.
`switch default
      |
ncvlog: *W,DIRNOW (ihnl/cds44/netlist,35|6): `switch: compiler directive ignored.
`switch default
      |
ncvlog: *W,DIRNOW (ihnl/cds44/netlist,38|6): `switch: compiler directive ignored.
`switch default
      |
ncvlog: *W,DIRNOW (ihnl/cds44/netlist,41|6): `switch: compiler directive ignored.
`switch default
      |
ncvlog: *W,DIRNOW (ihnl/cds44/netlist,44|6): `switch: compiler directive ignored.
`switch default
      |
ncvlog: *W,DIRNOW (ihnl/cds44/netlist,47|6): `switch: compiler directive ignored.
`switch default
      |
ncvlog: *W,DIRNOW (ihnl/cds44/netlist,50|6): `switch: compiler directive ignored.
`switch default
      |
ncvlog: *W,DIRNOW (ihnl/cds44/netlist,53|6): `switch: compiler directive ignored.
`switch default
      |
ncvlog: *W,DIRNOW (ihnl/cds44/netlist,56|6): `switch: compiler directive ignored.
`switch default
      |
ncvlog: *W,DIRNOW (ihnl/cds44/netlist,59|6): `switch: compiler directive ignored.
`switch default
      |
ncvlog: *W,DIRNOW (ihnl/cds44/netlist,62|6): `switch: compiler directive ignored.
`switch default
      |
ncvlog: *W,DIRNOW (ihnl/cds44/netlist,65|6): `switch: compiler directive ignored.
`switch default
      |
ncvlog: *W,DIRNOW (ihnl/cds44/netlist,68|6): `switch: compiler directive ignored.
`switch default
      |
ncvlog: *W,DIRNOW (ihnl/cds44/netlist,71|6): `switch: compiler directive ignored.
`switch default
      |
ncvlog: *W,DIRNOW (ihnl/cds44/netlist,74|6): `switch: compiler directive ignored.
`switch default
      |
ncvlog: *W,DIRNOW (ihnl/cds44/netlist,77|6): `switch: compiler directive ignored.
`switch default
      |
ncvlog: *W,DIRNOW (ihnl/cds44/netlist,80|6): `switch: compiler directive ignored.
`switch default
      |
ncvlog: *W,DIRNOW (ihnl/cds44/netlist,83|6): `switch: compiler directive ignored.
`switch default
      |
ncvlog: *W,DIRNOW (ihnl/cds44/netlist,86|6): `switch: compiler directive ignored.
`switch default
      |
ncvlog: *W,DIRNOW (ihnl/cds44/netlist,89|6): `switch: compiler directive ignored.
`switch default
      |
ncvlog: *W,DIRNOW (ihnl/cds44/netlist,92|6): `switch: compiler directive ignored.
`switch default
      |
ncvlog: *W,DIRNOW (ihnl/cds44/netlist,95|6): `switch: compiler directive ignored.
	Total errors/warnings found outside modules and primitives:
		errors: 0, warnings: 1
SOFTINCLUDE $SYSTEM_CDS_LIB_DIR/cds.lib
|
ncverilog: *W,DLCVAR (/proj/ncsu/ncsu-cdk-1.6.0.beta/cdssetup/cds.lib,1): cds.lib Invalid environment variable ''.
SOFTINCLUDE $SYSTEM_CDS_LIB_DIR/cds.lib
|
ncverilog: *W,DLCVAR (/proj/ncsu/ncsu-cdk-1.6.0.beta/cdssetup/cds.lib,1): cds.lib Invalid environment variable ''.
SOFTINCLUDE $SYSTEM_CDS_LIB_DIR/cds.lib
|
ncelab: *W,DLCVAR (/proj/ncsu/ncsu-cdk-1.6.0.beta/cdssetup/cds.lib,1): cds.lib Invalid environment variable ''.
		Caching library 'worklib' ....... Done
	Elaborating the design hierarchy:
   chip dut(clk1, clk2, reset, MemWrite, Adr, MemData[14:8], MemData[7:0]);
          |
ncelab: *W,CUVWSI (./testbench.sv,29|10): 1 input port was not connected:
ncelab: (./ihnl/cds52/netlist,7): reset

ncelab: *W,DSEMEL: This SystemVerilog design will be simulated as per IEEE 1800-2009 SystemVerilog simulation semantics. Use -disable_sem2009 option for turning off SV 2009 simulation semantics.
	Modules w/wo timescales:
		timescale of worklib.yzdetect_8:verilog = 1ns/100ps
		timescale of worklib.testbench:sv = NOTSET
		timescale of worklib.sram:sv = NOTSET
		timescale of worklib.regramvector_dp:verilog = 1ns/100ps
		timescale of worklib.regramvector0_dp:verilog = 1ns/100ps
		timescale of worklib.regramarray_dp:verilog = 1ns/100ps
		timescale of worklib.regramadrbuf:verilog = 1ns/100ps
		timescale of worklib.regram_zipper:verilog = 1ns/100ps
		timescale of worklib.regram_dp:verilog = 1ns/100ps
		timescale of worklib.regram_8:verilog = 1ns/100ps
		timescale of worklib.regram0_zipper:verilog = 1ns/100ps
		timescale of worklib.regram0:verilog = 1ns/100ps
		timescale of worklib.pmos4:v = NOTSET
		timescale of worklib.padframe:verilog = 1ns/100ps
		timescale of worklib.pad_vdd:verilog = 1ns/100ps
		timescale of worklib.pad_out:verilog = 1ns/100ps
		timescale of worklib.pad_in:verilog = 1ns/100ps
		timescale of worklib.pad_gnd:verilog = 1ns/100ps
		timescale of worklib.or2_1x_8:verilog = 1ns/100ps
		timescale of worklib.or2_1x:verilog = 1ns/100ps
		timescale of worklib.nor3_1x:verilog = 1ns/100ps
		timescale of worklib.nor2_1x:verilog = 1ns/100ps
		timescale of worklib.nmos4:v = NOTSET
		timescale of worklib.nand5_1x:verilog = 1ns/100ps
		timescale of worklib.nand3_1x:verilog = 1ns/100ps
		timescale of worklib.nand2_1x:verilog = 1ns/100ps
		timescale of worklib.mux4_dp_1x:verilog = 1ns/100ps
		timescale of worklib.mux4_1x_8:verilog = 1ns/100ps
		timescale of worklib.mux3_dp_1x:verilog = 1ns/100ps
		timescale of worklib.mux3_1x_8:verilog = 1ns/100ps
		timescale of worklib.mux2_dp_1x:verilog = 1ns/100ps
		timescale of worklib.mux2_c_1x:verilog = 1ns/100ps
		timescale of worklib.mux2_1x_8:verilog = 1ns/100ps
		timescale of worklib.latch_c_1x:verilog = 1ns/100ps
		timescale of worklib.invbuf_4x:verilog = 1ns/100ps
		timescale of worklib.inv_4x:verilog = 1ns/100ps
		timescale of worklib.inv_1x_8:verilog = 1ns/100ps
		timescale of worklib.inv_1x:verilog = 1ns/100ps
		timescale of worklib.fulladder:verilog = 1ns/100ps
		timescale of worklib.flopenr_dp_1x:verilog = 1ns/100ps
		timescale of worklib.flopenr_1x_8:verilog = 1ns/100ps
		timescale of worklib.flopen_dp_1x:verilog = 1ns/100ps
		timescale of worklib.flopen_1x_8:verilog = 1ns/100ps
		timescale of worklib.flop_dp_1x:verilog = 1ns/100ps
		timescale of worklib.flop_1x_8:verilog = 1ns/100ps
		timescale of worklib.datapath:verilog = 1ns/100ps
		timescale of worklib.controller_synth:verilog = 1ns/100ps
		timescale of worklib.condinv_8:verilog = 1ns/100ps
		timescale of worklib.clkinvbufdual_4x:verilog = 1ns/100ps
		timescale of worklib.clkinvbuf_4x:verilog = 1ns/100ps
		timescale of worklib.chip:verilog = 1ns/100ps
		timescale of worklib.cds_globals:v = 1ns/100ps
		timescale of worklib.and2_1x_8:verilog = 1ns/100ps
		timescale of worklib.and2_1x:verilog = 1ns/100ps
		timescale of worklib.aludec:verilog = 1ns/100ps
		timescale of worklib.alu:verilog = 1ns/100ps
		timescale of worklib.adder_8:verilog = 1ns/100ps
		timescale of worklib.a2o1_1x:verilog = 1ns/100ps
ncelab: *F,CUMSTS: Timescale directive missing on one or more modules.
ncverilog: *E,ELBERR: Error during elaboration (status 2), exiting.
TOOL:	ncverilog	15.20-s069: Exiting on Mar 25, 2019 at 03:48:12 EDT  (total: 00:00:00)
