\o Program:		@(#)$CDS: libManager version 6.1.8 - CAT37 09/24/2018 21:00 (ip-172-18-22-224) $
\o Sub version:		sub-version  p015 
\o Arguments:		-mpssession virtuoso9949 -mpshost DHCP-60-126.ST.HMC.Edu 
\o Working Directory:	DHCP-60-126.ST.HMC.Edu:/proj/VLSI19S/G1/hmmm/IC_CAD/cadence/LVS/layout
\o 64-bit offsets
\o changeWorkingDir("/proj/VLSI19S/G1/hmmm/IC_CAD/cadence/LVS/layout") unnecessary.
\o ddSetForcedLib("") unnecessary.
\a nrSetWindowVisibility(cdsLibManager "show")
\o MPS service: map window
\a nrSetCurrentWindow(cdsLibManager)
\o Qt version: 		5.9.1
\o Log file is "/proj/VLSI19S/G1/hmmm/IC_CAD/cadence/LVS/layout/libManager.log".
\o Opening libManager window.
\o Loading customization file "./cdsLibMgr.il"
\o Loading NCSU Library Manager customizations...done.
\o Library Manager customization server connected.
\a nrResizeWindow(cdsLibManager list(517 80 718 413))
\a cdsLibManager->libListBox->value = "NCSU_Analog_Parts"
\a cdsLibManager->libLineEdit->value = "NCSU_Analog_Parts"
\a nrSetWindowVisibility(cdsLibManager "hide")
\a _lmgrCloseIconify("cdsLibManager" 1)
\a nrSetWindowVisibility(cdsLibManager "show")
\o MPS service: shutdown
\o libManager is exiting.
\a exit(0)
